Build started 25/08/2015 10:31:43 PM.
     1>Project "C:\Users\Josh\Desktop\Projects\Games\SDLRPG\SDLRPG\SDLRPG.vcxproj" on node 2 (Build target(s)).
     1>ClCompile:
         C:\Program Files (x86)\Microsoft Visual Studio 12.0\VC\bin\CL.exe /c /Zi /nologo /W3 /WX- /sdl /O2 /Oi /Oy- /GL /D _MBCS /Gm- /EHsc /MD /GS /Gy /fp:precise /Zc:wchar_t /Zc:forScope /Fo"Release\\" /Fd"Release\vc120.pdb" /Gd /TP /analyze- /errorReport:prompt main.cpp
         main.cpp
     1>c:\users\josh\desktop\projects\games\sdlrpg\sdlrpg\GameObjectManager.h(28): warning C4150: deletion of pointer to incomplete type 'GameObject'; no destructor called
                 c:\users\josh\desktop\projects\games\sdlrpg\sdlrpg\GameObjectManager.h(7) : see declaration of 'GameObject'
     1>c:\users\josh\desktop\projects\games\sdlrpg\sdlrpg\TextureManager.h(21): warning C4150: deletion of pointer to incomplete type 'Texture'; no destructor called
                 c:\users\josh\desktop\projects\games\sdlrpg\sdlrpg\TextureManager.h(7) : see declaration of 'Texture'
     1>c:\users\josh\desktop\projects\games\sdlrpg\sdlrpg\LevelManager.h(31): warning C4150: deletion of pointer to incomplete type 'Level'; no destructor called
                 c:\users\josh\desktop\projects\games\sdlrpg\sdlrpg\LevelManager.h(11) : see declaration of 'Level'
     1>c:\users\josh\desktop\projects\games\sdlrpg\sdlrpg\LevelManager.h(37): warning C4150: deletion of pointer to incomplete type 'Tile'; no destructor called
                 c:\users\josh\desktop\projects\games\sdlrpg\sdlrpg\LevelManager.h(10) : see declaration of 'Tile'
       Link:
         C:\Program Files (x86)\Microsoft Visual Studio 12.0\VC\bin\link.exe /ERRORREPORT:PROMPT /OUT:"C:\Users\Josh\Desktop\Projects\Games\SDLRPG\SDLRPG\\SDLRPG.exe" /NOLOGO SDL2.lib SDL2main.lib SDL2_image.lib SDL2_ttf.lib SDL2_mixer.lib kernel32.lib user32.lib gdi32.lib winspool.lib comdlg32.lib advapi32.lib shell32.lib ole32.lib oleaut32.lib uuid.lib odbc32.lib odbccp32.lib /MANIFEST /MANIFESTUAC:"level='asInvoker' uiAccess='false'" /manifest:embed /DEBUG /PDB:"C:\Users\Josh\Desktop\Projects\Games\SDLRPG\SDLRPG\\SDLRPG.pdb" /SUBSYSTEM:CONSOLE /OPT:REF /OPT:ICF /LTCG /TLBID:1 /DYNAMICBASE /NXCOMPAT /IMPLIB:"C:\Users\Josh\Desktop\Projects\Games\SDLRPG\SDLRPG\\SDLRPG.lib" /MACHINE:X86 /SAFESEH Release\App.obj
         Release\Camera.obj
         Release\Colour.obj
         Release\Component.obj
         Release\Font.obj
         Release\GameObject.obj
         Release\GameObjectManager.obj
         Release\Level.obj
         Release\LevelManager.obj
         Release\main.obj
         Release\PlayerController.obj
         Release\Sprite.obj
         Release\Texture.obj
         Release\TextureManager.obj
         Release\Tile.obj
         Release\Timer.obj
         Release\Transform.obj
         Release\Vec2.obj
         Release\Window.obj
         Generating code
         Finished generating code
         SDLRPG.vcxproj -> C:\Users\Josh\Desktop\Projects\Games\SDLRPG\SDLRPG\\SDLRPG.exe
     1>Done Building Project "C:\Users\Josh\Desktop\Projects\Games\SDLRPG\SDLRPG\SDLRPG.vcxproj" (Build target(s)).

Build succeeded.

Time Elapsed 00:00:01.65
